d:\rk\yamashnik2\sw\spyvspy\x64\debug\vc142.pdb
d:\rk\yamashnik2\sw\spyvspy\x64\debug\vc142.idb
d:\rk\yamashnik2\sw\spyvspy\x64\debug\util.obj
d:\rk\yamashnik2\sw\spyvspy\x64\debug\spy.obj
d:\rk\yamashnik2\sw\spyvspy\x64\debug\serial.obj
d:\rk\yamashnik2\sw\spyvspy\x64\debug\sendpacket.obj
d:\rk\yamashnik2\sw\spyvspy\x64\debug\ncopy.obj
d:\rk\yamashnik2\sw\spyvspy\x64\debug\msxnet.obj
d:\rk\yamashnik2\sw\spyvspy\x64\debug\basicsend.obj
d:\rk\yamashnik2\sw\spyvspy\x64\debug\getopt.obj
d:\rk\yamashnik2\sw\spyvspy\x64\debug\diags.obj
d:\rk\msx-network\src\x64\debug\msxnet.exe
d:\rk\yamashnik2\sw\spyvspy\x64\debug\msxnet.ilk
d:\rk\msx-network\src\x64\debug\msxnet.pdb
d:\rk\yamashnik2\sw\spyvspy\x64\debug\msxnet.tlog\cl.command.1.tlog
d:\rk\yamashnik2\sw\spyvspy\x64\debug\msxnet.tlog\cl.read.1.tlog
d:\rk\yamashnik2\sw\spyvspy\x64\debug\msxnet.tlog\cl.write.1.tlog
d:\rk\yamashnik2\sw\spyvspy\x64\debug\msxnet.tlog\link.command.1.tlog
d:\rk\yamashnik2\sw\spyvspy\x64\debug\msxnet.tlog\link.read.1.tlog
d:\rk\yamashnik2\sw\spyvspy\x64\debug\msxnet.tlog\link.write.1.tlog
